   1               		.file	"blink.c"
   2               	__SP_H__ = 0x3e
   3               	__SP_L__ = 0x3d
   4               	__SREG__ = 0x3f
   5               	__tmp_reg__ = 0
   6               	__zero_reg__ = 1
   7               		.text
   8               	.Ltext0:
   9               		.cfi_sections	.debug_frame
  10               		.section	.text.startup,"ax",@progbits
  11               	.global	main
  13               	main:
  14               	.LFB6:
  15               		.file 1 "blink.c"
   1:blink.c       **** /*
   2:blink.c       ****  * AVRGCC1.c
   3:blink.c       ****  *
   4:blink.c       ****  * Created: 03.11.2011 11:29:58
   5:blink.c       ****  *  Author: eproo
   6:blink.c       ****  */ 
   7:blink.c       **** 
   8:blink.c       **** #include <avr/io.h>
   9:blink.c       **** #define F_CPU 1000000
  10:blink.c       **** #include <util/delay.h>         
  11:blink.c       **** 
  12:blink.c       **** int main(void)
  13:blink.c       **** {
  16               		.loc 1 13 0
  17               		.cfi_startproc
  18               	/* prologue: function */
  19               	/* frame size = 0 */
  20               	/* stack size = 0 */
  21               	.L__stack_usage = 0
  14:blink.c       ****    DDRB  |= (1<<PB2)|(1<<PB3);        
  22               		.loc 1 14 0
  23 0000 87B3      		in r24,0x17
  24 0002 8C60      		ori r24,lo8(12)
  25 0004 87BB      		out 0x17,r24
  26               	.L2:
  15:blink.c       ****  
  16:blink.c       ****    while(1) {              
  17:blink.c       **** 	PORTB |=(1<<PB2)|(1<<PB3);
  27               		.loc 1 17 0 discriminator 1
  28 0006 88B3      		in r24,0x18
  29 0008 8C60      		ori r24,lo8(12)
  30 000a 88BB      		out 0x18,r24
  31               	.LVL0:
  32               	.LBB6:
  33               	.LBB7:
  34               		.file 2 "/usr/lib/avr/include/util/delay.h"
   1:/usr/lib/avr/include/util/delay.h **** /* Copyright (c) 2002, Marek Michalkiewicz
   2:/usr/lib/avr/include/util/delay.h ****    Copyright (c) 2004,2005,2007 Joerg Wunsch
   3:/usr/lib/avr/include/util/delay.h ****    Copyright (c) 2007  Florin-Viorel Petrov
   4:/usr/lib/avr/include/util/delay.h ****    All rights reserved.
   5:/usr/lib/avr/include/util/delay.h **** 
   6:/usr/lib/avr/include/util/delay.h ****    Redistribution and use in source and binary forms, with or without
   7:/usr/lib/avr/include/util/delay.h ****    modification, are permitted provided that the following conditions are met:
   8:/usr/lib/avr/include/util/delay.h **** 
   9:/usr/lib/avr/include/util/delay.h ****    * Redistributions of source code must retain the above copyright
  10:/usr/lib/avr/include/util/delay.h ****      notice, this list of conditions and the following disclaimer.
  11:/usr/lib/avr/include/util/delay.h **** 
  12:/usr/lib/avr/include/util/delay.h ****    * Redistributions in binary form must reproduce the above copyright
  13:/usr/lib/avr/include/util/delay.h ****      notice, this list of conditions and the following disclaimer in
  14:/usr/lib/avr/include/util/delay.h ****      the documentation and/or other materials provided with the
  15:/usr/lib/avr/include/util/delay.h ****      distribution.
  16:/usr/lib/avr/include/util/delay.h **** 
  17:/usr/lib/avr/include/util/delay.h ****    * Neither the name of the copyright holders nor the names of
  18:/usr/lib/avr/include/util/delay.h ****      contributors may be used to endorse or promote products derived
  19:/usr/lib/avr/include/util/delay.h ****      from this software without specific prior written permission.
  20:/usr/lib/avr/include/util/delay.h **** 
  21:/usr/lib/avr/include/util/delay.h ****   THIS SOFTWARE IS PROVIDED BY THE COPYRIGHT HOLDERS AND CONTRIBUTORS "AS IS"
  22:/usr/lib/avr/include/util/delay.h ****   AND ANY EXPRESS OR IMPLIED WARRANTIES, INCLUDING, BUT NOT LIMITED TO, THE
  23:/usr/lib/avr/include/util/delay.h ****   IMPLIED WARRANTIES OF MERCHANTABILITY AND FITNESS FOR A PARTICULAR PURPOSE
  24:/usr/lib/avr/include/util/delay.h ****   ARE DISCLAIMED. IN NO EVENT SHALL THE COPYRIGHT OWNER OR CONTRIBUTORS BE
  25:/usr/lib/avr/include/util/delay.h ****   LIABLE FOR ANY DIRECT, INDIRECT, INCIDENTAL, SPECIAL, EXEMPLARY, OR
  26:/usr/lib/avr/include/util/delay.h ****   CONSEQUENTIAL DAMAGES (INCLUDING, BUT NOT LIMITED TO, PROCUREMENT OF
  27:/usr/lib/avr/include/util/delay.h ****   SUBSTITUTE GOODS OR SERVICES; LOSS OF USE, DATA, OR PROFITS; OR BUSINESS
  28:/usr/lib/avr/include/util/delay.h ****   INTERRUPTION) HOWEVER CAUSED AND ON ANY THEORY OF LIABILITY, WHETHER IN
  29:/usr/lib/avr/include/util/delay.h ****   CONTRACT, STRICT LIABILITY, OR TORT (INCLUDING NEGLIGENCE OR OTHERWISE)
  30:/usr/lib/avr/include/util/delay.h ****   ARISING IN ANY WAY OUT OF THE USE OF THIS SOFTWARE, EVEN IF ADVISED OF THE
  31:/usr/lib/avr/include/util/delay.h ****   POSSIBILITY OF SUCH DAMAGE. */
  32:/usr/lib/avr/include/util/delay.h **** 
  33:/usr/lib/avr/include/util/delay.h **** /* $Id: delay.h.in 2251 2011-09-14 08:20:33Z joerg_wunsch $ */
  34:/usr/lib/avr/include/util/delay.h **** 
  35:/usr/lib/avr/include/util/delay.h **** #ifndef _UTIL_DELAY_H_
  36:/usr/lib/avr/include/util/delay.h **** #define _UTIL_DELAY_H_ 1
  37:/usr/lib/avr/include/util/delay.h **** 
  38:/usr/lib/avr/include/util/delay.h **** #ifndef __HAS_DELAY_CYCLES
  39:/usr/lib/avr/include/util/delay.h **** #define __HAS_DELAY_CYCLES 1
  40:/usr/lib/avr/include/util/delay.h **** #endif
  41:/usr/lib/avr/include/util/delay.h **** 
  42:/usr/lib/avr/include/util/delay.h **** #include <inttypes.h>
  43:/usr/lib/avr/include/util/delay.h **** #include <util/delay_basic.h>
  44:/usr/lib/avr/include/util/delay.h **** #include <math.h>
  45:/usr/lib/avr/include/util/delay.h **** 
  46:/usr/lib/avr/include/util/delay.h **** /** \file */
  47:/usr/lib/avr/include/util/delay.h **** /** \defgroup util_delay <util/delay.h>: Convenience functions for busy-wait delay loops
  48:/usr/lib/avr/include/util/delay.h ****     \code
  49:/usr/lib/avr/include/util/delay.h ****     #define F_CPU 1000000UL  // 1 MHz
  50:/usr/lib/avr/include/util/delay.h ****     //#define F_CPU 14.7456E6
  51:/usr/lib/avr/include/util/delay.h ****     #include <util/delay.h>
  52:/usr/lib/avr/include/util/delay.h ****     \endcode
  53:/usr/lib/avr/include/util/delay.h **** 
  54:/usr/lib/avr/include/util/delay.h ****     \note As an alternative method, it is possible to pass the
  55:/usr/lib/avr/include/util/delay.h ****     F_CPU macro down to the compiler from the Makefile.
  56:/usr/lib/avr/include/util/delay.h ****     Obviously, in that case, no \c \#define statement should be
  57:/usr/lib/avr/include/util/delay.h ****     used.
  58:/usr/lib/avr/include/util/delay.h **** 
  59:/usr/lib/avr/include/util/delay.h ****     The functions in this header file are wrappers around the basic
  60:/usr/lib/avr/include/util/delay.h ****     busy-wait functions from <util/delay_basic.h>.  They are meant as
  61:/usr/lib/avr/include/util/delay.h ****     convenience functions where actual time values can be specified
  62:/usr/lib/avr/include/util/delay.h ****     rather than a number of cycles to wait for.  The idea behind is
  63:/usr/lib/avr/include/util/delay.h ****     that compile-time constant expressions will be eliminated by
  64:/usr/lib/avr/include/util/delay.h ****     compiler optimization so floating-point expressions can be used
  65:/usr/lib/avr/include/util/delay.h ****     to calculate the number of delay cycles needed based on the CPU
  66:/usr/lib/avr/include/util/delay.h ****     frequency passed by the macro F_CPU.
  67:/usr/lib/avr/include/util/delay.h **** 
  68:/usr/lib/avr/include/util/delay.h ****     \note In order for these functions to work as intended, compiler
  69:/usr/lib/avr/include/util/delay.h ****     optimizations <em>must</em> be enabled, and the delay time
  70:/usr/lib/avr/include/util/delay.h ****     <em>must</em> be an expression that is a known constant at
  71:/usr/lib/avr/include/util/delay.h ****     compile-time.  If these requirements are not met, the resulting
  72:/usr/lib/avr/include/util/delay.h ****     delay will be much longer (and basically unpredictable), and
  73:/usr/lib/avr/include/util/delay.h ****     applications that otherwise do not use floating-point calculations
  74:/usr/lib/avr/include/util/delay.h ****     will experience severe code bloat by the floating-point library
  75:/usr/lib/avr/include/util/delay.h ****     routines linked into the application.
  76:/usr/lib/avr/include/util/delay.h **** 
  77:/usr/lib/avr/include/util/delay.h ****     The functions available allow the specification of microsecond, and
  78:/usr/lib/avr/include/util/delay.h ****     millisecond delays directly, using the application-supplied macro
  79:/usr/lib/avr/include/util/delay.h ****     F_CPU as the CPU clock frequency (in Hertz).
  80:/usr/lib/avr/include/util/delay.h **** 
  81:/usr/lib/avr/include/util/delay.h **** */
  82:/usr/lib/avr/include/util/delay.h **** 
  83:/usr/lib/avr/include/util/delay.h **** #if !defined(__DOXYGEN__)
  84:/usr/lib/avr/include/util/delay.h **** static inline void _delay_us(double __us) __attribute__((always_inline));
  85:/usr/lib/avr/include/util/delay.h **** static inline void _delay_ms(double __ms) __attribute__((always_inline));
  86:/usr/lib/avr/include/util/delay.h **** #endif
  87:/usr/lib/avr/include/util/delay.h **** 
  88:/usr/lib/avr/include/util/delay.h **** #ifndef F_CPU
  89:/usr/lib/avr/include/util/delay.h **** /* prevent compiler error by supplying a default */
  90:/usr/lib/avr/include/util/delay.h **** # warning "F_CPU not defined for <util/delay.h>"
  91:/usr/lib/avr/include/util/delay.h **** # define F_CPU 1000000UL
  92:/usr/lib/avr/include/util/delay.h **** #endif
  93:/usr/lib/avr/include/util/delay.h **** 
  94:/usr/lib/avr/include/util/delay.h **** #ifndef __OPTIMIZE__
  95:/usr/lib/avr/include/util/delay.h **** # warning "Compiler optimizations disabled; functions from <util/delay.h> won't work as designed"
  96:/usr/lib/avr/include/util/delay.h **** #endif
  97:/usr/lib/avr/include/util/delay.h **** 
  98:/usr/lib/avr/include/util/delay.h **** #if __HAS_DELAY_CYCLES && defined(__OPTIMIZE__) && \
  99:/usr/lib/avr/include/util/delay.h ****   !defined(__DELAY_BACKWARD_COMPATIBLE__) &&	   \
 100:/usr/lib/avr/include/util/delay.h ****   __STDC_HOSTED__
 101:/usr/lib/avr/include/util/delay.h **** #  include <math.h>
 102:/usr/lib/avr/include/util/delay.h **** #endif
 103:/usr/lib/avr/include/util/delay.h **** 
 104:/usr/lib/avr/include/util/delay.h **** /**
 105:/usr/lib/avr/include/util/delay.h ****    \ingroup util_delay
 106:/usr/lib/avr/include/util/delay.h **** 
 107:/usr/lib/avr/include/util/delay.h ****    Perform a delay of \c __ms milliseconds, using _delay_loop_2().
 108:/usr/lib/avr/include/util/delay.h **** 
 109:/usr/lib/avr/include/util/delay.h ****    The macro F_CPU is supposed to be defined to a
 110:/usr/lib/avr/include/util/delay.h ****    constant defining the CPU clock frequency (in Hertz).
 111:/usr/lib/avr/include/util/delay.h **** 
 112:/usr/lib/avr/include/util/delay.h ****    The maximal possible delay is 262.14 ms / F_CPU in MHz.
 113:/usr/lib/avr/include/util/delay.h **** 
 114:/usr/lib/avr/include/util/delay.h ****    When the user request delay which exceed the maximum possible one,
 115:/usr/lib/avr/include/util/delay.h ****    _delay_ms() provides a decreased resolution functionality. In this
 116:/usr/lib/avr/include/util/delay.h ****    mode _delay_ms() will work with a resolution of 1/10 ms, providing
 117:/usr/lib/avr/include/util/delay.h ****    delays up to 6.5535 seconds (independent from CPU frequency).  The
 118:/usr/lib/avr/include/util/delay.h ****    user will not be informed about decreased resolution.
 119:/usr/lib/avr/include/util/delay.h **** 
 120:/usr/lib/avr/include/util/delay.h ****    If the avr-gcc toolchain has __builtin_avr_delay_cycles(unsigned long)
 121:/usr/lib/avr/include/util/delay.h ****    support, maximal possible delay is 4294967.295 ms/ F_CPU in MHz. For
 122:/usr/lib/avr/include/util/delay.h ****    values greater than the maximal possible delay, overflows results in
 123:/usr/lib/avr/include/util/delay.h ****    no delay i.e., 0ms.
 124:/usr/lib/avr/include/util/delay.h **** 
 125:/usr/lib/avr/include/util/delay.h ****    Conversion of __us into clock cycles may not always result in integer.
 126:/usr/lib/avr/include/util/delay.h ****    By default, the clock cycles rounded up to next integer. This ensures that
 127:/usr/lib/avr/include/util/delay.h ****    the user gets atleast __us microseconds of delay.
 128:/usr/lib/avr/include/util/delay.h **** 
 129:/usr/lib/avr/include/util/delay.h ****    Alternatively, user can define __DELAY_ROUND_DOWN__ and __DELAY_ROUND_CLOSEST__
 130:/usr/lib/avr/include/util/delay.h ****    to round down and round to closest integer.
 131:/usr/lib/avr/include/util/delay.h **** 
 132:/usr/lib/avr/include/util/delay.h ****    Note: The new implementation of _delay_ms(double __ms) with 
 133:/usr/lib/avr/include/util/delay.h ****     __builtin_avr_delay_cycles(unsigned long) support is not backward compatible. 
 134:/usr/lib/avr/include/util/delay.h ****    User can define __DELAY_BACKWARD_COMPATIBLE__ to get a backward compatible delay.
 135:/usr/lib/avr/include/util/delay.h ****    Also, the backward compatible
 136:/usr/lib/avr/include/util/delay.h ****    algorithm will be chosen if the code is compiled in a <em>freestanding
 137:/usr/lib/avr/include/util/delay.h ****    environment</em> (GCC option \c -ffreestanding), as the math functions
 138:/usr/lib/avr/include/util/delay.h ****    required for rounding are not available to the compiler then.
 139:/usr/lib/avr/include/util/delay.h **** 
 140:/usr/lib/avr/include/util/delay.h ****  */
 141:/usr/lib/avr/include/util/delay.h **** void
 142:/usr/lib/avr/include/util/delay.h **** _delay_ms(double __ms)
 143:/usr/lib/avr/include/util/delay.h **** {
 144:/usr/lib/avr/include/util/delay.h **** 	uint16_t __ticks;
 145:/usr/lib/avr/include/util/delay.h **** 	double __tmp ; 
 146:/usr/lib/avr/include/util/delay.h **** #if __HAS_DELAY_CYCLES && defined(__OPTIMIZE__) && \
 147:/usr/lib/avr/include/util/delay.h ****   !defined(__DELAY_BACKWARD_COMPATIBLE__) &&	   \
 148:/usr/lib/avr/include/util/delay.h ****   __STDC_HOSTED__
 149:/usr/lib/avr/include/util/delay.h **** 	uint32_t __ticks_dc;
 150:/usr/lib/avr/include/util/delay.h **** 	extern void __builtin_avr_delay_cycles(unsigned long);
 151:/usr/lib/avr/include/util/delay.h **** 	__tmp = ((F_CPU) / 1e3) * __ms;
 152:/usr/lib/avr/include/util/delay.h **** 
 153:/usr/lib/avr/include/util/delay.h **** 	#if defined(__DELAY_ROUND_DOWN__)
 154:/usr/lib/avr/include/util/delay.h **** 		__ticks_dc = (uint32_t)fabs(__tmp);
 155:/usr/lib/avr/include/util/delay.h **** 
 156:/usr/lib/avr/include/util/delay.h **** 	#elif defined(__DELAY_ROUND_CLOSEST__)
 157:/usr/lib/avr/include/util/delay.h **** 		__ticks_dc = (uint32_t)(fabs(__tmp)+0.5);
 158:/usr/lib/avr/include/util/delay.h **** 
 159:/usr/lib/avr/include/util/delay.h **** 	#else
 160:/usr/lib/avr/include/util/delay.h **** 		//round up by default
 161:/usr/lib/avr/include/util/delay.h **** 		__ticks_dc = (uint32_t)(ceil(fabs(__tmp)));
 162:/usr/lib/avr/include/util/delay.h **** 	#endif
 163:/usr/lib/avr/include/util/delay.h **** 
 164:/usr/lib/avr/include/util/delay.h **** 	__builtin_avr_delay_cycles(__ticks_dc);
  35               		.loc 2 164 0 discriminator 1
  36 000c 2FE3      		ldi r18,lo8(199999)
  37 000e 8DE0      		ldi r24,hi8(199999)
  38 0010 93E0      		ldi r25,hlo8(199999)
  39 0012 2150      		1: subi r18,1
  40 0014 8040      		sbci r24,0
  41 0016 9040      		sbci r25,0
  42 0018 01F4      		brne 1b
  43 001a 00C0      		rjmp .
  44 001c 0000      		nop
  45               	.LBE7:
  46               	.LBE6:
  18:blink.c       **** 	_delay_ms(1000);
  19:blink.c       **** 	PORTB &=~((1<<PB2)|(1<<PB3));
  47               		.loc 1 19 0 discriminator 1
  48 001e 88B3      		in r24,0x18
  49 0020 837F      		andi r24,lo8(-13)
  50 0022 88BB      		out 0x18,r24
  51               	.LVL1:
  52               	.LBB8:
  53               	.LBB9:
  54               		.loc 2 164 0 discriminator 1
  55 0024 2FE3      		ldi r18,lo8(199999)
  56 0026 8DE0      		ldi r24,hi8(199999)
  57 0028 93E0      		ldi r25,hlo8(199999)
  58 002a 2150      		1: subi r18,1
  59 002c 8040      		sbci r24,0
  60 002e 9040      		sbci r25,0
  61 0030 01F4      		brne 1b
  62 0032 00C0      		rjmp .
  63 0034 0000      		nop
  64 0036 00C0      		rjmp .L2
  65               	.LBE9:
  66               	.LBE8:
  67               		.cfi_endproc
  68               	.LFE6:
  70               		.text
  71               	.Letext0:
  72               		.file 3 "/usr/lib/avr/include/stdint.h"
DEFINED SYMBOLS
                            *ABS*:0000000000000000 blink.c
     /tmp/cc58bMNI.s:2      *ABS*:000000000000003e __SP_H__
     /tmp/cc58bMNI.s:3      *ABS*:000000000000003d __SP_L__
     /tmp/cc58bMNI.s:4      *ABS*:000000000000003f __SREG__
     /tmp/cc58bMNI.s:5      *ABS*:0000000000000000 __tmp_reg__
     /tmp/cc58bMNI.s:6      *ABS*:0000000000000001 __zero_reg__
     /tmp/cc58bMNI.s:13     .text.startup:0000000000000000 main

NO UNDEFINED SYMBOLS
